ERROR - 2018-01-24 00:28:34 --> 404 Page Not Found: Faviconico/index
ERROR - 2018-01-24 00:28:56 --> 404 Page Not Found: Css/third_party
ERROR - 2018-01-24 00:28:56 --> 404 Page Not Found: Css/third_party
ERROR - 2018-01-24 00:48:12 --> 404 Page Not Found: Css/third_party
ERROR - 2018-01-24 00:48:12 --> 404 Page Not Found: Css/third_party
ERROR - 2018-01-24 00:48:16 --> 404 Page Not Found: Client/edit
ERROR - 2018-01-24 00:49:02 --> 404 Page Not Found: Css/third_party
ERROR - 2018-01-24 00:49:02 --> 404 Page Not Found: Css/third_party
ERROR - 2018-01-24 00:49:38 --> 404 Page Not Found: Css/third_party
ERROR - 2018-01-24 00:49:38 --> 404 Page Not Found: Css/third_party
ERROR - 2018-01-24 00:49:40 --> 404 Page Not Found: Clients/update
ERROR - 2018-01-24 00:50:38 --> 404 Page Not Found: Css/third_party
ERROR - 2018-01-24 00:50:38 --> 404 Page Not Found: Css/third_party
ERROR - 2018-01-24 00:50:41 --> 404 Page Not Found: Client/update
ERROR - 2018-01-24 00:50:56 --> 404 Page Not Found: Css/third_party
ERROR - 2018-01-24 00:50:56 --> 404 Page Not Found: Css/third_party
ERROR - 2018-01-24 00:51:09 --> 404 Page Not Found: Css/third_party
ERROR - 2018-01-24 00:51:09 --> 404 Page Not Found: Css/third_party
ERROR - 2018-01-24 00:51:26 --> 404 Page Not Found: Client/update
ERROR - 2018-01-24 00:58:40 --> 404 Page Not Found: Css/third_party
ERROR - 2018-01-24 00:58:40 --> 404 Page Not Found: Css/third_party
ERROR - 2018-01-24 00:58:45 --> 404 Page Not Found: Css/third_party
ERROR - 2018-01-24 00:58:45 --> 404 Page Not Found: Css/third_party
ERROR - 2018-01-24 00:58:56 --> 404 Page Not Found: Css/third_party
ERROR - 2018-01-24 00:58:56 --> 404 Page Not Found: Css/third_party
ERROR - 2018-01-24 01:00:22 --> 404 Page Not Found: Css/third_party
ERROR - 2018-01-24 01:00:22 --> 404 Page Not Found: Css/third_party
ERROR - 2018-01-24 01:00:27 --> 404 Page Not Found: Css/third_party
ERROR - 2018-01-24 01:00:27 --> 404 Page Not Found: Css/third_party
ERROR - 2018-01-24 01:01:20 --> 404 Page Not Found: Css/third_party
ERROR - 2018-01-24 01:01:20 --> 404 Page Not Found: Css/third_party
ERROR - 2018-01-24 01:01:25 --> 404 Page Not Found: Css/third_party
ERROR - 2018-01-24 01:01:25 --> 404 Page Not Found: Css/third_party
ERROR - 2018-01-24 01:01:36 --> Severity: error --> Exception: Call to undefined method Client_model::u() /var/www/flow/application/controllers/Client.php 81
ERROR - 2018-01-24 01:01:58 --> Severity: Warning --> date() expects at least 1 parameter, 0 given /var/www/flow/application/models/Client_model.php 173
ERROR - 2018-01-24 01:01:59 --> 404 Page Not Found: Css/third_party
ERROR - 2018-01-24 01:01:59 --> 404 Page Not Found: Css/third_party
ERROR - 2018-01-24 01:02:50 --> 404 Page Not Found: Css/third_party
ERROR - 2018-01-24 01:02:50 --> 404 Page Not Found: Css/third_party
ERROR - 2018-01-24 01:03:06 --> 404 Page Not Found: Css/third_party
ERROR - 2018-01-24 01:03:06 --> 404 Page Not Found: Css/third_party
ERROR - 2018-01-24 01:07:07 --> 404 Page Not Found: Css/third_party
ERROR - 2018-01-24 01:07:07 --> 404 Page Not Found: Css/third_party
ERROR - 2018-01-24 01:10:13 --> 404 Page Not Found: Css/third_party
ERROR - 2018-01-24 01:10:13 --> 404 Page Not Found: Css/third_party
ERROR - 2018-01-24 01:10:17 --> 404 Page Not Found: Css/third_party
ERROR - 2018-01-24 01:10:17 --> 404 Page Not Found: Css/third_party
ERROR - 2018-01-24 01:11:20 --> 404 Page Not Found: Css/third_party
ERROR - 2018-01-24 01:11:20 --> 404 Page Not Found: Css/third_party
ERROR - 2018-01-24 01:11:24 --> 404 Page Not Found: Css/third_party
ERROR - 2018-01-24 01:11:24 --> 404 Page Not Found: Css/third_party
ERROR - 2018-01-24 01:11:33 --> 404 Page Not Found: Css/third_party
ERROR - 2018-01-24 01:11:33 --> 404 Page Not Found: Css/third_party
ERROR - 2018-01-24 01:12:40 --> 404 Page Not Found: Css/third_party
ERROR - 2018-01-24 01:12:40 --> 404 Page Not Found: Css/third_party
ERROR - 2018-01-24 01:12:57 --> 404 Page Not Found: Css/third_party
ERROR - 2018-01-24 01:12:57 --> 404 Page Not Found: Css/third_party
ERROR - 2018-01-24 01:13:18 --> 404 Page Not Found: Css/third_party
ERROR - 2018-01-24 01:13:18 --> 404 Page Not Found: Css/third_party
ERROR - 2018-01-24 01:14:35 --> 404 Page Not Found: Css/third_party
ERROR - 2018-01-24 01:14:35 --> 404 Page Not Found: Css/third_party
ERROR - 2018-01-24 01:17:00 --> 404 Page Not Found: Css/third_party
ERROR - 2018-01-24 01:17:00 --> 404 Page Not Found: Css/third_party
ERROR - 2018-01-24 01:17:21 --> 404 Page Not Found: Css/third_party
ERROR - 2018-01-24 01:17:21 --> 404 Page Not Found: Css/third_party
ERROR - 2018-01-24 01:18:33 --> 404 Page Not Found: Css/third_party
ERROR - 2018-01-24 01:18:33 --> 404 Page Not Found: Css/third_party
ERROR - 2018-01-24 01:18:51 --> 404 Page Not Found: Css/third_party
ERROR - 2018-01-24 01:18:51 --> 404 Page Not Found: Css/third_party
ERROR - 2018-01-24 01:20:08 --> 404 Page Not Found: Css/third_party
ERROR - 2018-01-24 01:20:08 --> 404 Page Not Found: Css/third_party
ERROR - 2018-01-24 01:21:10 --> 404 Page Not Found: Css/third_party
ERROR - 2018-01-24 01:21:10 --> 404 Page Not Found: Css/third_party
ERROR - 2018-01-24 01:22:17 --> 404 Page Not Found: Css/third_party
ERROR - 2018-01-24 01:22:17 --> 404 Page Not Found: Css/third_party
ERROR - 2018-01-24 01:22:37 --> 404 Page Not Found: Css/third_party
ERROR - 2018-01-24 01:22:37 --> 404 Page Not Found: Css/third_party
ERROR - 2018-01-24 01:28:41 --> Severity: Notice --> Undefined variable: toolName /var/www/flow/application/views/project/project_includes.php 13
ERROR - 2018-01-24 01:28:41 --> 404 Page Not Found: Css/third_party
ERROR - 2018-01-24 01:28:41 --> 404 Page Not Found: Css/third_party
ERROR - 2018-01-24 01:29:22 --> Severity: Notice --> Undefined variable: toolName /var/www/flow/application/views/project/project_includes.php 13
ERROR - 2018-01-24 01:30:21 --> 404 Page Not Found: Css/third_party
ERROR - 2018-01-24 01:30:21 --> 404 Page Not Found: Css/third_party
ERROR - 2018-01-24 01:30:46 --> 404 Page Not Found: Css/third_party
ERROR - 2018-01-24 01:30:46 --> 404 Page Not Found: Css/third_party
ERROR - 2018-01-24 01:51:19 --> 404 Page Not Found: Css/third_party
ERROR - 2018-01-24 01:51:19 --> 404 Page Not Found: Css/third_party
ERROR - 2018-01-24 01:53:10 --> 404 Page Not Found: Css/third_party
ERROR - 2018-01-24 01:53:10 --> 404 Page Not Found: Css/third_party
ERROR - 2018-01-24 01:53:24 --> 404 Page Not Found: Css/third_party
ERROR - 2018-01-24 01:53:24 --> 404 Page Not Found: Css/third_party
ERROR - 2018-01-24 01:54:05 --> 404 Page Not Found: Css/third_party
ERROR - 2018-01-24 01:54:05 --> 404 Page Not Found: Css/third_party
ERROR - 2018-01-24 22:05:56 --> 404 Page Not Found: Faviconico/index
ERROR - 2018-01-24 22:06:00 --> 404 Page Not Found: Css/third_party
ERROR - 2018-01-24 22:06:00 --> 404 Page Not Found: Css/third_party
ERROR - 2018-01-24 22:06:04 --> 404 Page Not Found: Project/update
