ERROR - 2018-01-20 00:00:54 --> 404 Page Not Found: Css/third_party
ERROR - 2018-01-20 00:00:54 --> 404 Page Not Found: Css/third_party
ERROR - 2018-01-20 00:02:29 --> 404 Page Not Found: Css/third_party
ERROR - 2018-01-20 00:02:29 --> 404 Page Not Found: Css/third_party
ERROR - 2018-01-20 00:22:45 --> 404 Page Not Found: Css/third_party
ERROR - 2018-01-20 00:22:45 --> 404 Page Not Found: Css/third_party
ERROR - 2018-01-20 00:23:30 --> 404 Page Not Found: Projects/index
ERROR - 2018-01-20 00:26:37 --> Query error: Unknown column 'created_date' in 'order clause' - Invalid query: SELECT *
FROM `project`
ORDER BY `created_date` DESC
ERROR - 2018-01-20 00:28:32 --> 404 Page Not Found: Js/project
ERROR - 2018-01-20 00:28:33 --> 404 Page Not Found: Js/project
ERROR - 2018-01-20 00:28:34 --> 404 Page Not Found: Css/third_party
ERROR - 2018-01-20 00:28:34 --> 404 Page Not Found: Css/third_party
ERROR - 2018-01-20 00:29:25 --> 404 Page Not Found: Js/project
ERROR - 2018-01-20 00:29:26 --> 404 Page Not Found: Js/project
ERROR - 2018-01-20 00:29:26 --> 404 Page Not Found: Css/third_party
ERROR - 2018-01-20 00:29:26 --> 404 Page Not Found: Css/third_party
ERROR - 2018-01-20 00:30:43 --> 404 Page Not Found: Js/project
ERROR - 2018-01-20 00:30:44 --> 404 Page Not Found: Js/project
ERROR - 2018-01-20 00:30:44 --> 404 Page Not Found: Css/third_party
ERROR - 2018-01-20 00:30:44 --> 404 Page Not Found: Css/third_party
ERROR - 2018-01-20 00:35:35 --> 404 Page Not Found: Js/project
ERROR - 2018-01-20 00:35:36 --> 404 Page Not Found: Js/project
ERROR - 2018-01-20 00:35:36 --> 404 Page Not Found: Css/third_party
ERROR - 2018-01-20 00:35:36 --> 404 Page Not Found: Css/third_party
ERROR - 2018-01-20 00:36:15 --> 404 Page Not Found: Js/project
ERROR - 2018-01-20 00:36:16 --> 404 Page Not Found: Js/project
ERROR - 2018-01-20 00:36:16 --> 404 Page Not Found: Css/third_party
ERROR - 2018-01-20 00:36:16 --> 404 Page Not Found: Css/third_party
ERROR - 2018-01-20 00:37:35 --> 404 Page Not Found: Js/project
ERROR - 2018-01-20 00:37:39 --> 404 Page Not Found: Js/project
ERROR - 2018-01-20 00:37:48 --> 404 Page Not Found: Js/project
ERROR - 2018-01-20 00:37:49 --> 404 Page Not Found: Css/third_party
ERROR - 2018-01-20 00:37:49 --> 404 Page Not Found: Css/third_party
ERROR - 2018-01-20 12:32:42 --> 404 Page Not Found: Faviconico/index
ERROR - 2018-01-20 12:32:42 --> 404 Page Not Found: Faviconico/index
ERROR - 2018-01-20 12:32:57 --> 404 Page Not Found: Js/project
ERROR - 2018-01-20 12:32:57 --> 404 Page Not Found: Js/project
ERROR - 2018-01-20 12:32:57 --> 404 Page Not Found: Css/third_party
ERROR - 2018-01-20 12:32:57 --> 404 Page Not Found: Css/third_party
ERROR - 2018-01-20 12:36:03 --> 404 Page Not Found: Js/project
ERROR - 2018-01-20 12:36:04 --> 404 Page Not Found: Js/project
ERROR - 2018-01-20 12:36:04 --> 404 Page Not Found: Css/third_party
ERROR - 2018-01-20 12:36:04 --> 404 Page Not Found: Css/third_party
ERROR - 2018-01-20 12:36:09 --> 404 Page Not Found: Project/1
ERROR - 2018-01-20 12:38:01 --> 404 Page Not Found: Js/project
ERROR - 2018-01-20 12:38:01 --> 404 Page Not Found: Js/project
ERROR - 2018-01-20 12:38:02 --> 404 Page Not Found: Css/third_party
ERROR - 2018-01-20 12:38:02 --> 404 Page Not Found: Css/third_party
ERROR - 2018-01-20 12:38:33 --> Severity: error --> Exception: syntax error, unexpected end of file /var/www/flow/application/views/project/link_to_client.php 9
ERROR - 2018-01-20 12:38:39 --> 404 Page Not Found: Js/project
ERROR - 2018-01-20 12:38:40 --> 404 Page Not Found: Js/project
ERROR - 2018-01-20 12:40:09 --> Severity: Notice --> Undefined property: Project::$client_modle /var/www/flow/application/controllers/Project.php 64
ERROR - 2018-01-20 12:40:09 --> Severity: error --> Exception: Call to a member function getClients() on null /var/www/flow/application/controllers/Project.php 64
ERROR - 2018-01-20 12:40:31 --> 404 Page Not Found: Js/project
ERROR - 2018-01-20 12:40:31 --> 404 Page Not Found: Js/project
ERROR - 2018-01-20 13:46:11 --> 404 Page Not Found: Js/project
ERROR - 2018-01-20 13:46:14 --> 404 Page Not Found: Js/project
ERROR - 2018-01-20 13:46:20 --> Severity: Notice --> Undefined variable: wishlistItem /var/www/flow/application/views/project/link_to_client.php 8
ERROR - 2018-01-20 13:46:20 --> Severity: Notice --> Trying to get property of non-object /var/www/flow/application/views/project/link_to_client.php 8
ERROR - 2018-01-20 13:46:20 --> Severity: Notice --> Undefined variable: wishlistItem /var/www/flow/application/views/project/link_to_client.php 12
ERROR - 2018-01-20 13:46:20 --> Severity: Notice --> Trying to get property of non-object /var/www/flow/application/views/project/link_to_client.php 12
ERROR - 2018-01-20 13:46:20 --> Severity: Notice --> Undefined variable: priorities /var/www/flow/application/views/project/link_to_client.php 17
ERROR - 2018-01-20 13:46:20 --> Severity: Warning --> Invalid argument supplied for foreach() /var/www/flow/application/views/project/link_to_client.php 17
ERROR - 2018-01-20 13:46:20 --> Severity: Notice --> Undefined variable: wishlistItem /var/www/flow/application/views/project/link_to_client.php 24
ERROR - 2018-01-20 13:46:20 --> Severity: Notice --> Trying to get property of non-object /var/www/flow/application/views/project/link_to_client.php 24
ERROR - 2018-01-20 13:46:20 --> Severity: Notice --> Undefined variable: expenseTypes /var/www/flow/application/views/project/link_to_client.php 30
ERROR - 2018-01-20 13:46:20 --> Severity: Warning --> Invalid argument supplied for foreach() /var/www/flow/application/views/project/link_to_client.php 30
ERROR - 2018-01-20 13:46:20 --> Severity: Notice --> Undefined variable: wishlistItem /var/www/flow/application/views/project/link_to_client.php 38
ERROR - 2018-01-20 13:46:20 --> Severity: Notice --> Trying to get property of non-object /var/www/flow/application/views/project/link_to_client.php 38
ERROR - 2018-01-20 13:46:20 --> Severity: Notice --> Undefined variable: statuses /var/www/flow/application/views/project/link_to_client.php 43
ERROR - 2018-01-20 13:46:20 --> Severity: Warning --> Invalid argument supplied for foreach() /var/www/flow/application/views/project/link_to_client.php 43
ERROR - 2018-01-20 13:46:20 --> Severity: Notice --> Undefined variable: wishlistItem /var/www/flow/application/views/project/link_to_client.php 57
ERROR - 2018-01-20 13:46:20 --> Severity: Notice --> Trying to get property of non-object /var/www/flow/application/views/project/link_to_client.php 57
ERROR - 2018-01-20 13:46:20 --> Severity: Notice --> Undefined variable: wishlistItem /var/www/flow/application/views/project/link_to_client.php 61
ERROR - 2018-01-20 13:46:20 --> Severity: Notice --> Trying to get property of non-object /var/www/flow/application/views/project/link_to_client.php 61
ERROR - 2018-01-20 13:46:20 --> 404 Page Not Found: Js/project
ERROR - 2018-01-20 13:46:20 --> 404 Page Not Found: Js/project
ERROR - 2018-01-20 13:46:20 --> 404 Page Not Found: Css/third_party
ERROR - 2018-01-20 13:46:20 --> 404 Page Not Found: Css/third_party
ERROR - 2018-01-20 13:47:27 --> Severity: Notice --> Undefined variable: wishlistItem /var/www/flow/application/views/project/link_to_client.php 8
ERROR - 2018-01-20 13:47:27 --> Severity: Notice --> Trying to get property of non-object /var/www/flow/application/views/project/link_to_client.php 8
ERROR - 2018-01-20 13:47:27 --> Severity: Notice --> Undefined variable: wishlistItem /var/www/flow/application/views/project/link_to_client.php 12
ERROR - 2018-01-20 13:47:27 --> Severity: Notice --> Trying to get property of non-object /var/www/flow/application/views/project/link_to_client.php 12
ERROR - 2018-01-20 13:47:27 --> 404 Page Not Found: Js/project
ERROR - 2018-01-20 13:47:27 --> 404 Page Not Found: Js/project
ERROR - 2018-01-20 13:48:30 --> 404 Page Not Found: Js/project
ERROR - 2018-01-20 13:48:30 --> 404 Page Not Found: Js/project
ERROR - 2018-01-20 13:50:38 --> Severity: error --> Exception: Too few arguments to function Project::linkClient(), 0 passed in /var/www/flow/system/core/CodeIgniter.php on line 532 and exactly 1 expected /var/www/flow/application/controllers/Project.php 61
ERROR - 2018-01-20 13:51:28 --> Severity: error --> Exception: Too few arguments to function Project::linkClient(), 0 passed in /var/www/flow/system/core/CodeIgniter.php on line 532 and exactly 1 expected /var/www/flow/application/controllers/Project.php 61
ERROR - 2018-01-20 13:51:29 --> Severity: error --> Exception: Too few arguments to function Project::linkClient(), 0 passed in /var/www/flow/system/core/CodeIgniter.php on line 532 and exactly 1 expected /var/www/flow/application/controllers/Project.php 61
ERROR - 2018-01-20 13:51:58 --> 404 Page Not Found: Js/project
ERROR - 2018-01-20 13:51:59 --> 404 Page Not Found: Js/project
ERROR - 2018-01-20 14:22:07 --> Severity: error --> Exception: Unable to locate the model you have specified: Project_client_model /var/www/flow/system/core/Loader.php 344
ERROR - 2018-01-20 14:22:49 --> 404 Page Not Found: Js/project
ERROR - 2018-01-20 14:22:49 --> 404 Page Not Found: Js/project
ERROR - 2018-01-20 14:24:12 --> 404 Page Not Found: Js/project
ERROR - 2018-01-20 14:24:13 --> 404 Page Not Found: Js/project
ERROR - 2018-01-20 14:25:04 --> 404 Page Not Found: Js/project
ERROR - 2018-01-20 14:25:04 --> 404 Page Not Found: Js/project
ERROR - 2018-01-20 14:25:30 --> 404 Page Not Found: Js/project
ERROR - 2018-01-20 14:25:30 --> 404 Page Not Found: Js/project
ERROR - 2018-01-20 14:27:25 --> 404 Page Not Found: Js/project
ERROR - 2018-01-20 14:27:26 --> 404 Page Not Found: Js/project
ERROR - 2018-01-20 14:32:37 --> Severity: Notice --> Undefined variable: projectId /var/www/flow/application/views/project/link_to_client.php 2
ERROR - 2018-01-20 14:32:37 --> 404 Page Not Found: Js/project
ERROR - 2018-01-20 14:32:38 --> 404 Page Not Found: Js/project
ERROR - 2018-01-20 14:33:17 --> 404 Page Not Found: Js/project
ERROR - 2018-01-20 14:33:17 --> 404 Page Not Found: Js/project
ERROR - 2018-01-20 14:33:28 --> 404 Page Not Found: Css/third_party
ERROR - 2018-01-20 14:33:28 --> 404 Page Not Found: Css/third_party
ERROR - 2018-01-20 14:34:30 --> Severity: error --> Exception: Call to undefined method Project_model::getClients() /var/www/flow/application/controllers/Project.php 38
ERROR - 2018-01-20 14:34:31 --> Severity: error --> Exception: Call to undefined method Project_model::getClients() /var/www/flow/application/controllers/Project.php 38
ERROR - 2018-01-20 14:34:43 --> 404 Page Not Found: Js/project
ERROR - 2018-01-20 14:34:43 --> 404 Page Not Found: Js/project
ERROR - 2018-01-20 14:34:43 --> 404 Page Not Found: Css/third_party
ERROR - 2018-01-20 14:34:43 --> 404 Page Not Found: Css/third_party
ERROR - 2018-01-20 14:34:50 --> 404 Page Not Found: Js/project
ERROR - 2018-01-20 14:34:50 --> 404 Page Not Found: Js/project
ERROR - 2018-01-20 14:38:07 --> 404 Page Not Found: Js/project
ERROR - 2018-01-20 14:38:08 --> 404 Page Not Found: Js/project
ERROR - 2018-01-20 14:38:43 --> 404 Page Not Found: Js/project
ERROR - 2018-01-20 14:38:44 --> 404 Page Not Found: Js/project
ERROR - 2018-01-20 14:39:10 --> 404 Page Not Found: Js/project
ERROR - 2018-01-20 14:39:10 --> 404 Page Not Found: Js/project
ERROR - 2018-01-20 14:39:51 --> 404 Page Not Found: Js/project
ERROR - 2018-01-20 14:39:51 --> 404 Page Not Found: Js/project
ERROR - 2018-01-20 14:41:58 --> 404 Page Not Found: Js/project
ERROR - 2018-01-20 14:41:58 --> 404 Page Not Found: Js/project
ERROR - 2018-01-20 14:43:08 --> 404 Page Not Found: Js/project
ERROR - 2018-01-20 14:43:08 --> 404 Page Not Found: Js/project
ERROR - 2018-01-20 14:43:36 --> 404 Page Not Found: Js/project
ERROR - 2018-01-20 14:43:37 --> 404 Page Not Found: Js/project
ERROR - 2018-01-20 14:44:20 --> 404 Page Not Found: Js/project
ERROR - 2018-01-20 14:44:20 --> 404 Page Not Found: Js/project
ERROR - 2018-01-20 14:44:40 --> 404 Page Not Found: Js/project
ERROR - 2018-01-20 14:44:40 --> 404 Page Not Found: Js/project
ERROR - 2018-01-20 14:45:06 --> 404 Page Not Found: Js/project
ERROR - 2018-01-20 14:45:06 --> 404 Page Not Found: Js/project
ERROR - 2018-01-20 15:47:44 --> 404 Page Not Found: Js/project
ERROR - 2018-01-20 15:47:44 --> 404 Page Not Found: Js/project
ERROR - 2018-01-20 15:47:46 --> 404 Page Not Found: Project/1
ERROR - 2018-01-20 15:48:54 --> 404 Page Not Found: Project/1
ERROR - 2018-01-20 15:49:01 --> 404 Page Not Found: Js/project
ERROR - 2018-01-20 15:49:01 --> 404 Page Not Found: Js/project
ERROR - 2018-01-20 15:49:02 --> 404 Page Not Found: Js/project
ERROR - 2018-01-20 15:49:02 --> 404 Page Not Found: Js/project
ERROR - 2018-01-20 15:49:03 --> 404 Page Not Found: Js/project
ERROR - 2018-01-20 15:49:09 --> 404 Page Not Found: Project/1
ERROR - 2018-01-20 15:49:13 --> 404 Page Not Found: Project/1
ERROR - 2018-01-20 15:49:43 --> 404 Page Not Found: Js/project
ERROR - 2018-01-20 15:49:43 --> 404 Page Not Found: Js/project
ERROR - 2018-01-20 15:49:44 --> 404 Page Not Found: Js/project
ERROR - 2018-01-20 15:49:44 --> 404 Page Not Found: Js/project
ERROR - 2018-01-20 15:49:48 --> 404 Page Not Found: Js/project
ERROR - 2018-01-20 15:50:41 --> 404 Page Not Found: Js/project
ERROR - 2018-01-20 15:50:41 --> 404 Page Not Found: Js/project
ERROR - 2018-01-20 15:50:43 --> 404 Page Not Found: Project/1
ERROR - 2018-01-20 15:51:14 --> 404 Page Not Found: Js/project
ERROR - 2018-01-20 15:51:15 --> 404 Page Not Found: Js/project
ERROR - 2018-01-20 15:51:16 --> 404 Page Not Found: Project/1
ERROR - 2018-01-20 15:52:15 --> 404 Page Not Found: Js/project
ERROR - 2018-01-20 15:52:15 --> 404 Page Not Found: Js/project
ERROR - 2018-01-20 15:52:16 --> 404 Page Not Found: Project/1
ERROR - 2018-01-20 15:52:35 --> 404 Page Not Found: Project/1
ERROR - 2018-01-20 15:55:18 --> 404 Page Not Found: Project/1
ERROR - 2018-01-20 15:56:20 --> 404 Page Not Found: Js/project
ERROR - 2018-01-20 15:56:21 --> 404 Page Not Found: Js/project
ERROR - 2018-01-20 15:56:24 --> 404 Page Not Found: Project/1
ERROR - 2018-01-20 15:56:57 --> 404 Page Not Found: Js/project
ERROR - 2018-01-20 15:56:57 --> 404 Page Not Found: Js/project
ERROR - 2018-01-20 15:57:01 --> Severity: Warning --> date() expects at least 1 parameter, 0 given /var/www/flow/application/models/Project_client_model.php 31
ERROR - 2018-01-20 15:57:40 --> 404 Page Not Found: Js/project
ERROR - 2018-01-20 15:57:40 --> 404 Page Not Found: Js/project
ERROR - 2018-01-20 16:08:35 --> 404 Page Not Found: Js/project
ERROR - 2018-01-20 16:08:36 --> 404 Page Not Found: Js/project
ERROR - 2018-01-20 16:08:41 --> 404 Page Not Found: Js/project
ERROR - 2018-01-20 16:09:18 --> 404 Page Not Found: Js/project
ERROR - 2018-01-20 16:09:19 --> 404 Page Not Found: Js/project
ERROR - 2018-01-20 16:10:57 --> 404 Page Not Found: Js/project
ERROR - 2018-01-20 16:10:57 --> 404 Page Not Found: Js/project
ERROR - 2018-01-20 16:11:01 --> 404 Page Not Found: Js/project
ERROR - 2018-01-20 16:11:01 --> 404 Page Not Found: Js/project
ERROR - 2018-01-20 16:11:16 --> 404 Page Not Found: Js/project
ERROR - 2018-01-20 16:11:16 --> 404 Page Not Found: Js/project
ERROR - 2018-01-20 16:11:29 --> 404 Page Not Found: Js/project
ERROR - 2018-01-20 16:11:29 --> 404 Page Not Found: Js/project
ERROR - 2018-01-20 16:11:45 --> 404 Page Not Found: Js/project
ERROR - 2018-01-20 16:11:45 --> 404 Page Not Found: Js/project
ERROR - 2018-01-20 16:12:14 --> 404 Page Not Found: Js/project
ERROR - 2018-01-20 16:12:15 --> 404 Page Not Found: Js/project
ERROR - 2018-01-20 16:12:37 --> 404 Page Not Found: Js/project
ERROR - 2018-01-20 16:12:37 --> 404 Page Not Found: Js/project
ERROR - 2018-01-20 16:12:37 --> 404 Page Not Found: Js/project
ERROR - 2018-01-20 16:12:38 --> 404 Page Not Found: Js/project
ERROR - 2018-01-20 16:12:38 --> 404 Page Not Found: Js/project
ERROR - 2018-01-20 16:13:24 --> 404 Page Not Found: Js/project
ERROR - 2018-01-20 16:13:24 --> 404 Page Not Found: Js/project
ERROR - 2018-01-20 16:13:38 --> 404 Page Not Found: Js/project
ERROR - 2018-01-20 16:13:38 --> 404 Page Not Found: Js/project
ERROR - 2018-01-20 16:14:24 --> 404 Page Not Found: Js/project
ERROR - 2018-01-20 16:14:25 --> 404 Page Not Found: Js/project
ERROR - 2018-01-20 16:14:30 --> 404 Page Not Found: Js/project
ERROR - 2018-01-20 16:15:47 --> 404 Page Not Found: Js/project
ERROR - 2018-01-20 16:15:48 --> 404 Page Not Found: Js/project
ERROR - 2018-01-20 16:17:22 --> 404 Page Not Found: Js/project
ERROR - 2018-01-20 16:17:22 --> 404 Page Not Found: Js/project
ERROR - 2018-01-20 16:19:27 --> 404 Page Not Found: Js/project
ERROR - 2018-01-20 16:19:28 --> 404 Page Not Found: Js/project
ERROR - 2018-01-20 16:19:36 --> 404 Page Not Found: Js/project
ERROR - 2018-01-20 16:19:36 --> 404 Page Not Found: Js/project
ERROR - 2018-01-20 16:19:40 --> 404 Page Not Found: Js/project
ERROR - 2018-01-20 16:19:40 --> 404 Page Not Found: Js/project
ERROR - 2018-01-20 16:19:46 --> 404 Page Not Found: Js/project
ERROR - 2018-01-20 16:19:47 --> 404 Page Not Found: Js/project
ERROR - 2018-01-20 16:20:24 --> 404 Page Not Found: Js/project
ERROR - 2018-01-20 16:20:24 --> 404 Page Not Found: Js/project
ERROR - 2018-01-20 16:21:31 --> 404 Page Not Found: Js/project
ERROR - 2018-01-20 16:21:32 --> 404 Page Not Found: Js/project
ERROR - 2018-01-20 16:21:50 --> 404 Page Not Found: Js/project
ERROR - 2018-01-20 16:21:50 --> 404 Page Not Found: Js/project
ERROR - 2018-01-20 16:22:08 --> 404 Page Not Found: Js/project
ERROR - 2018-01-20 16:22:08 --> 404 Page Not Found: Js/project
ERROR - 2018-01-20 16:22:35 --> 404 Page Not Found: Js/project
ERROR - 2018-01-20 16:22:36 --> 404 Page Not Found: Js/project
ERROR - 2018-01-20 16:28:56 --> 404 Page Not Found: Js/project
ERROR - 2018-01-20 16:28:57 --> 404 Page Not Found: Js/project
ERROR - 2018-01-20 16:30:00 --> 404 Page Not Found: Js/project
ERROR - 2018-01-20 16:30:01 --> 404 Page Not Found: Js/project
ERROR - 2018-01-20 16:31:54 --> 404 Page Not Found: Js/project
ERROR - 2018-01-20 16:31:54 --> 404 Page Not Found: Js/project
ERROR - 2018-01-20 16:32:13 --> 404 Page Not Found: Js/project
ERROR - 2018-01-20 16:32:14 --> 404 Page Not Found: Js/project
ERROR - 2018-01-20 16:32:40 --> 404 Page Not Found: Js/project
ERROR - 2018-01-20 16:32:41 --> 404 Page Not Found: Js/project
ERROR - 2018-01-20 16:32:42 --> 404 Page Not Found: Js/project
ERROR - 2018-01-20 16:32:42 --> 404 Page Not Found: Js/project
ERROR - 2018-01-20 16:32:46 --> 404 Page Not Found: Js/project
ERROR - 2018-01-20 16:33:39 --> 404 Page Not Found: Js/project
ERROR - 2018-01-20 16:33:39 --> 404 Page Not Found: Js/project
ERROR - 2018-01-20 16:33:52 --> 404 Page Not Found: Js/project
ERROR - 2018-01-20 16:33:52 --> 404 Page Not Found: Js/project
ERROR - 2018-01-20 16:34:01 --> 404 Page Not Found: Js/project
ERROR - 2018-01-20 16:34:43 --> 404 Page Not Found: Js/project
ERROR - 2018-01-20 16:34:44 --> 404 Page Not Found: Js/project
ERROR - 2018-01-20 16:35:13 --> 404 Page Not Found: Js/project
ERROR - 2018-01-20 16:35:13 --> 404 Page Not Found: Js/project
ERROR - 2018-01-20 16:35:13 --> 404 Page Not Found: Css/third_party
ERROR - 2018-01-20 16:35:13 --> 404 Page Not Found: Css/third_party
ERROR - 2018-01-20 16:35:17 --> 404 Page Not Found: Js/project
ERROR - 2018-01-20 16:35:18 --> 404 Page Not Found: Js/project
ERROR - 2018-01-20 16:35:30 --> 404 Page Not Found: Js/project
ERROR - 2018-01-20 16:35:31 --> 404 Page Not Found: Js/project
ERROR - 2018-01-20 16:35:33 --> 404 Page Not Found: Js/project
ERROR - 2018-01-20 16:35:33 --> 404 Page Not Found: Js/project
ERROR - 2018-01-20 16:40:25 --> 404 Page Not Found: Js/project
ERROR - 2018-01-20 16:40:25 --> 404 Page Not Found: Js/project
ERROR - 2018-01-20 16:43:54 --> Severity: error --> Exception: Call to undefined function print_() /var/www/flow/application/helpers/project_client_link_helper.php 7
ERROR - 2018-01-20 16:44:47 --> 404 Page Not Found: Js/project
ERROR - 2018-01-20 16:44:47 --> 404 Page Not Found: Js/project
ERROR - 2018-01-20 16:45:47 --> 404 Page Not Found: Js/project
ERROR - 2018-01-20 16:45:48 --> 404 Page Not Found: Js/project
ERROR - 2018-01-20 16:46:11 --> 404 Page Not Found: Js/project
ERROR - 2018-01-20 16:46:11 --> 404 Page Not Found: Js/project
ERROR - 2018-01-20 16:46:47 --> 404 Page Not Found: Js/project
ERROR - 2018-01-20 16:46:48 --> 404 Page Not Found: Js/project
ERROR - 2018-01-20 16:47:11 --> 404 Page Not Found: Js/project
ERROR - 2018-01-20 16:47:11 --> 404 Page Not Found: Js/project
ERROR - 2018-01-20 16:48:11 --> 404 Page Not Found: Js/project
ERROR - 2018-01-20 16:48:11 --> 404 Page Not Found: Js/project
ERROR - 2018-01-20 16:48:48 --> 404 Page Not Found: Js/project
ERROR - 2018-01-20 16:48:49 --> 404 Page Not Found: Js/project
ERROR - 2018-01-20 16:49:00 --> 404 Page Not Found: Js/project
ERROR - 2018-01-20 16:49:00 --> 404 Page Not Found: Js/project
ERROR - 2018-01-20 16:50:35 --> 404 Page Not Found: Js/project
ERROR - 2018-01-20 16:50:36 --> 404 Page Not Found: Js/project
ERROR - 2018-01-20 16:50:36 --> 404 Page Not Found: Js/project
ERROR - 2018-01-20 16:50:37 --> 404 Page Not Found: Js/project
ERROR - 2018-01-20 16:50:42 --> 404 Page Not Found: Js/project
ERROR - 2018-01-20 16:50:42 --> 404 Page Not Found: Js/project
ERROR - 2018-01-20 16:51:12 --> 404 Page Not Found: Js/project
ERROR - 2018-01-20 16:51:12 --> 404 Page Not Found: Js/project
ERROR - 2018-01-20 16:52:37 --> Severity: error --> Exception: Too few arguments to function removeLinkedClients(), 1 passed in /var/www/flow/application/controllers/Project.php on line 70 and exactly 2 expected /var/www/flow/application/helpers/project_client_link_helper.php 3
ERROR - 2018-01-20 16:55:48 --> 404 Page Not Found: Js/project
ERROR - 2018-01-20 16:55:49 --> 404 Page Not Found: Js/project
ERROR - 2018-01-20 16:56:27 --> 404 Page Not Found: Js/project
ERROR - 2018-01-20 16:56:27 --> 404 Page Not Found: Js/project
ERROR - 2018-01-20 16:56:46 --> 404 Page Not Found: Js/project
ERROR - 2018-01-20 16:56:46 --> 404 Page Not Found: Js/project
ERROR - 2018-01-20 16:57:03 --> 404 Page Not Found: Js/project
ERROR - 2018-01-20 16:57:03 --> 404 Page Not Found: Js/project
ERROR - 2018-01-20 16:57:04 --> 404 Page Not Found: Css/third_party
ERROR - 2018-01-20 16:57:04 --> 404 Page Not Found: Css/third_party
ERROR - 2018-01-20 16:58:23 --> 404 Page Not Found: Js/project
ERROR - 2018-01-20 16:58:23 --> 404 Page Not Found: Js/project
ERROR - 2018-01-20 16:59:15 --> Severity: Notice --> Undefined variable: projectId /var/www/flow/application/controllers/Project.php 40
ERROR - 2018-01-20 17:04:33 --> 404 Page Not Found: Js/project
ERROR - 2018-01-20 17:04:34 --> 404 Page Not Found: Js/project
ERROR - 2018-01-20 17:04:34 --> 404 Page Not Found: Css/third_party
ERROR - 2018-01-20 17:04:34 --> 404 Page Not Found: Css/third_party
ERROR - 2018-01-20 17:08:26 --> 404 Page Not Found: Js/project
ERROR - 2018-01-20 17:08:27 --> 404 Page Not Found: Js/project
ERROR - 2018-01-20 17:08:27 --> 404 Page Not Found: Css/third_party
ERROR - 2018-01-20 17:08:27 --> 404 Page Not Found: Css/third_party
ERROR - 2018-01-20 17:08:46 --> 404 Page Not Found: Js/project
ERROR - 2018-01-20 17:08:46 --> 404 Page Not Found: Js/project
ERROR - 2018-01-20 17:08:47 --> 404 Page Not Found: Css/third_party
ERROR - 2018-01-20 17:08:47 --> 404 Page Not Found: Css/third_party
ERROR - 2018-01-20 17:09:59 --> Severity: error --> Exception: Call to undefined function getLinkedClientIds() /var/www/flow/application/controllers/Project.php 41
ERROR - 2018-01-20 17:10:40 --> Severity: Notice --> Undefined variable: linkedClients /var/www/flow/application/helpers/project_client_link_helper.php 17
ERROR - 2018-01-20 17:10:40 --> Severity: Warning --> Invalid argument supplied for foreach() /var/www/flow/application/helpers/project_client_link_helper.php 17
ERROR - 2018-01-20 17:10:40 --> 404 Page Not Found: Js/project
ERROR - 2018-01-20 17:10:41 --> 404 Page Not Found: Js/project
ERROR - 2018-01-20 17:10:41 --> 404 Page Not Found: Css/third_party
ERROR - 2018-01-20 17:10:41 --> 404 Page Not Found: Css/third_party
ERROR - 2018-01-20 17:11:23 --> Severity: Notice --> Trying to get property of non-object /var/www/flow/application/helpers/project_client_link_helper.php 19
ERROR - 2018-01-20 17:11:23 --> Severity: Notice --> Trying to get property of non-object /var/www/flow/application/helpers/project_client_link_helper.php 19
ERROR - 2018-01-20 17:11:23 --> Severity: Notice --> Trying to get property of non-object /var/www/flow/application/helpers/project_client_link_helper.php 19
ERROR - 2018-01-20 17:11:23 --> Severity: Notice --> Trying to get property of non-object /var/www/flow/application/helpers/project_client_link_helper.php 19
ERROR - 2018-01-20 17:11:23 --> Severity: Notice --> Trying to get property of non-object /var/www/flow/application/helpers/project_client_link_helper.php 19
ERROR - 2018-01-20 17:11:23 --> Severity: Notice --> Trying to get property of non-object /var/www/flow/application/helpers/project_client_link_helper.php 19
ERROR - 2018-01-20 17:11:23 --> 404 Page Not Found: Js/project
ERROR - 2018-01-20 17:11:24 --> 404 Page Not Found: Js/project
ERROR - 2018-01-20 17:11:24 --> 404 Page Not Found: Css/third_party
ERROR - 2018-01-20 17:11:24 --> 404 Page Not Found: Css/third_party
ERROR - 2018-01-20 17:12:12 --> 404 Page Not Found: Js/project
ERROR - 2018-01-20 17:12:13 --> 404 Page Not Found: Js/project
ERROR - 2018-01-20 17:12:14 --> 404 Page Not Found: Css/third_party
ERROR - 2018-01-20 17:12:14 --> 404 Page Not Found: Css/third_party
ERROR - 2018-01-20 17:13:19 --> 404 Page Not Found: Js/project
ERROR - 2018-01-20 17:13:20 --> 404 Page Not Found: Js/project
ERROR - 2018-01-20 17:13:20 --> 404 Page Not Found: Css/third_party
ERROR - 2018-01-20 17:13:20 --> 404 Page Not Found: Css/third_party
ERROR - 2018-01-20 17:13:46 --> 404 Page Not Found: Js/project
ERROR - 2018-01-20 17:13:47 --> 404 Page Not Found: Js/project
ERROR - 2018-01-20 17:13:47 --> 404 Page Not Found: Css/third_party
ERROR - 2018-01-20 17:13:47 --> 404 Page Not Found: Css/third_party
ERROR - 2018-01-20 17:15:11 --> 404 Page Not Found: Js/project
ERROR - 2018-01-20 17:15:12 --> 404 Page Not Found: Js/project
ERROR - 2018-01-20 17:15:13 --> 404 Page Not Found: Css/third_party
ERROR - 2018-01-20 17:15:13 --> 404 Page Not Found: Css/third_party
ERROR - 2018-01-20 17:15:31 --> 404 Page Not Found: Js/project
ERROR - 2018-01-20 17:15:31 --> 404 Page Not Found: Js/project
ERROR - 2018-01-20 17:15:32 --> 404 Page Not Found: Css/third_party
ERROR - 2018-01-20 17:15:32 --> 404 Page Not Found: Css/third_party
ERROR - 2018-01-20 17:15:50 --> 404 Page Not Found: Js/project
ERROR - 2018-01-20 17:15:50 --> 404 Page Not Found: Js/project
ERROR - 2018-01-20 17:15:50 --> 404 Page Not Found: Css/third_party
ERROR - 2018-01-20 17:15:50 --> 404 Page Not Found: Css/third_party
ERROR - 2018-01-20 17:17:47 --> 404 Page Not Found: Js/project
ERROR - 2018-01-20 17:17:47 --> 404 Page Not Found: Js/project
ERROR - 2018-01-20 17:17:48 --> 404 Page Not Found: Css/third_party
ERROR - 2018-01-20 17:17:48 --> 404 Page Not Found: Css/third_party
ERROR - 2018-01-20 17:20:11 --> Severity: Notice --> Undefined variable: userId /var/www/flow/application/models/Client_model.php 99
ERROR - 2018-01-20 17:20:11 --> 404 Page Not Found: Js/project
ERROR - 2018-01-20 17:20:12 --> 404 Page Not Found: Js/project
ERROR - 2018-01-20 17:20:12 --> 404 Page Not Found: Css/third_party
ERROR - 2018-01-20 17:20:12 --> 404 Page Not Found: Css/third_party
ERROR - 2018-01-20 17:20:33 --> Severity: Notice --> Undefined variable: noteIds /var/www/flow/application/models/Client_model.php 99
ERROR - 2018-01-20 17:20:33 --> 404 Page Not Found: Js/project
ERROR - 2018-01-20 17:20:34 --> 404 Page Not Found: Js/project
ERROR - 2018-01-20 17:20:34 --> 404 Page Not Found: Css/third_party
ERROR - 2018-01-20 17:20:34 --> 404 Page Not Found: Css/third_party
ERROR - 2018-01-20 17:21:01 --> 404 Page Not Found: Js/project
ERROR - 2018-01-20 17:21:01 --> 404 Page Not Found: Js/project
ERROR - 2018-01-20 17:21:02 --> 404 Page Not Found: Css/third_party
ERROR - 2018-01-20 17:21:02 --> 404 Page Not Found: Css/third_party
ERROR - 2018-01-20 17:21:29 --> 404 Page Not Found: Js/project
ERROR - 2018-01-20 17:21:30 --> 404 Page Not Found: Js/project
ERROR - 2018-01-20 17:21:30 --> 404 Page Not Found: Css/third_party
ERROR - 2018-01-20 17:21:30 --> 404 Page Not Found: Css/third_party
ERROR - 2018-01-20 17:21:48 --> 404 Page Not Found: Js/project
ERROR - 2018-01-20 17:21:48 --> 404 Page Not Found: Js/project
ERROR - 2018-01-20 17:21:48 --> 404 Page Not Found: Css/third_party
ERROR - 2018-01-20 17:21:48 --> 404 Page Not Found: Css/third_party
ERROR - 2018-01-20 17:23:37 --> Severity: Notice --> Undefined property: CI_DB_mysqli_result::$result /var/www/flow/application/models/Client_model.php 103
ERROR - 2018-01-20 17:23:37 --> 404 Page Not Found: Js/project
ERROR - 2018-01-20 17:23:37 --> 404 Page Not Found: Js/project
ERROR - 2018-01-20 17:23:38 --> 404 Page Not Found: Css/third_party
ERROR - 2018-01-20 17:23:38 --> 404 Page Not Found: Css/third_party
ERROR - 2018-01-20 17:23:58 --> 404 Page Not Found: Js/project
ERROR - 2018-01-20 17:23:59 --> 404 Page Not Found: Js/project
ERROR - 2018-01-20 17:23:59 --> 404 Page Not Found: Css/third_party
ERROR - 2018-01-20 17:23:59 --> 404 Page Not Found: Css/third_party
ERROR - 2018-01-20 17:27:45 --> 404 Page Not Found: Js/project
ERROR - 2018-01-20 17:27:46 --> 404 Page Not Found: Js/project
ERROR - 2018-01-20 17:27:46 --> 404 Page Not Found: Css/third_party
ERROR - 2018-01-20 17:27:46 --> 404 Page Not Found: Css/third_party
ERROR - 2018-01-20 17:30:05 --> Severity: Warning --> array_push() expects parameter 1 to be array, null given /var/www/flow/application/helpers/project_client_link_helper.php 26
ERROR - 2018-01-20 17:30:05 --> 404 Page Not Found: Js/project
ERROR - 2018-01-20 17:30:05 --> 404 Page Not Found: Js/project
ERROR - 2018-01-20 17:30:06 --> 404 Page Not Found: Css/third_party
ERROR - 2018-01-20 17:30:06 --> 404 Page Not Found: Css/third_party
ERROR - 2018-01-20 17:30:19 --> Severity: Warning --> array_push() expects parameter 1 to be array, null given /var/www/flow/application/helpers/project_client_link_helper.php 26
ERROR - 2018-01-20 17:30:19 --> 404 Page Not Found: Js/project
ERROR - 2018-01-20 17:30:20 --> 404 Page Not Found: Js/project
ERROR - 2018-01-20 17:30:20 --> 404 Page Not Found: Css/third_party
ERROR - 2018-01-20 17:30:20 --> 404 Page Not Found: Css/third_party
ERROR - 2018-01-20 17:30:43 --> Severity: Warning --> array_push() expects parameter 1 to be array, null given /var/www/flow/application/helpers/project_client_link_helper.php 27
ERROR - 2018-01-20 17:30:43 --> 404 Page Not Found: Js/project
ERROR - 2018-01-20 17:30:44 --> 404 Page Not Found: Js/project
ERROR - 2018-01-20 17:30:44 --> 404 Page Not Found: Css/third_party
ERROR - 2018-01-20 17:30:44 --> 404 Page Not Found: Css/third_party
ERROR - 2018-01-20 17:31:55 --> 404 Page Not Found: Js/project
ERROR - 2018-01-20 17:31:55 --> 404 Page Not Found: Js/project
ERROR - 2018-01-20 17:31:56 --> 404 Page Not Found: Css/third_party
ERROR - 2018-01-20 17:31:56 --> 404 Page Not Found: Css/third_party
ERROR - 2018-01-20 17:32:06 --> 404 Page Not Found: Js/project
ERROR - 2018-01-20 17:32:06 --> 404 Page Not Found: Js/project
ERROR - 2018-01-20 17:32:06 --> 404 Page Not Found: Css/third_party
ERROR - 2018-01-20 17:32:06 --> 404 Page Not Found: Css/third_party
ERROR - 2018-01-20 17:32:24 --> 404 Page Not Found: Js/project
ERROR - 2018-01-20 17:32:24 --> 404 Page Not Found: Js/project
ERROR - 2018-01-20 17:32:25 --> 404 Page Not Found: Css/third_party
ERROR - 2018-01-20 17:32:25 --> 404 Page Not Found: Css/third_party
ERROR - 2018-01-20 17:32:34 --> 404 Page Not Found: Js/project
ERROR - 2018-01-20 17:32:34 --> 404 Page Not Found: Js/project
ERROR - 2018-01-20 17:32:35 --> 404 Page Not Found: Css/third_party
ERROR - 2018-01-20 17:32:35 --> 404 Page Not Found: Css/third_party
ERROR - 2018-01-20 17:34:56 --> 404 Page Not Found: Js/project
ERROR - 2018-01-20 17:34:57 --> 404 Page Not Found: Js/project
ERROR - 2018-01-20 17:34:57 --> 404 Page Not Found: Css/third_party
ERROR - 2018-01-20 17:34:57 --> 404 Page Not Found: Css/third_party
ERROR - 2018-01-20 17:37:06 --> Severity: Warning --> Invalid argument supplied for foreach() /var/www/flow/application/views/project/index.php 80
ERROR - 2018-01-20 17:37:06 --> 404 Page Not Found: Js/project
ERROR - 2018-01-20 17:37:07 --> 404 Page Not Found: Js/project
ERROR - 2018-01-20 17:37:07 --> 404 Page Not Found: Css/third_party
ERROR - 2018-01-20 17:37:07 --> 404 Page Not Found: Css/third_party
ERROR - 2018-01-20 17:37:33 --> Severity: Warning --> Invalid argument supplied for foreach() /var/www/flow/application/views/project/index.php 80
ERROR - 2018-01-20 17:37:33 --> 404 Page Not Found: Js/project
ERROR - 2018-01-20 17:37:33 --> 404 Page Not Found: Js/project
ERROR - 2018-01-20 17:37:34 --> 404 Page Not Found: Css/third_party
ERROR - 2018-01-20 17:37:34 --> 404 Page Not Found: Css/third_party
ERROR - 2018-01-20 17:38:17 --> Severity: Warning --> Invalid argument supplied for foreach() /var/www/flow/application/views/project/index.php 81
ERROR - 2018-01-20 17:38:17 --> 404 Page Not Found: Js/project
ERROR - 2018-01-20 17:38:18 --> 404 Page Not Found: Js/project
ERROR - 2018-01-20 17:38:18 --> 404 Page Not Found: Css/third_party
ERROR - 2018-01-20 17:38:18 --> 404 Page Not Found: Css/third_party
ERROR - 2018-01-20 17:39:01 --> 404 Page Not Found: Js/project
ERROR - 2018-01-20 17:39:02 --> 404 Page Not Found: Js/project
ERROR - 2018-01-20 17:39:02 --> 404 Page Not Found: Css/third_party
ERROR - 2018-01-20 17:39:02 --> 404 Page Not Found: Css/third_party
ERROR - 2018-01-20 17:40:05 --> Severity: error --> Exception: Cannot use object of type stdClass as array /var/www/flow/application/helpers/array_helper.php 43
ERROR - 2018-01-20 17:40:46 --> 404 Page Not Found: Js/project
ERROR - 2018-01-20 17:40:46 --> 404 Page Not Found: Js/project
ERROR - 2018-01-20 17:40:47 --> 404 Page Not Found: Css/third_party
ERROR - 2018-01-20 17:40:47 --> 404 Page Not Found: Css/third_party
ERROR - 2018-01-20 17:40:55 --> 404 Page Not Found: Js/project
ERROR - 2018-01-20 17:40:56 --> 404 Page Not Found: Js/project
ERROR - 2018-01-20 17:41:47 --> 404 Page Not Found: Js/project
ERROR - 2018-01-20 17:41:47 --> 404 Page Not Found: Js/project
ERROR - 2018-01-20 17:41:48 --> 404 Page Not Found: Css/third_party
ERROR - 2018-01-20 17:41:48 --> 404 Page Not Found: Css/third_party
ERROR - 2018-01-20 17:42:22 --> 404 Page Not Found: Js/project
ERROR - 2018-01-20 17:42:23 --> 404 Page Not Found: Js/project
ERROR - 2018-01-20 17:42:23 --> 404 Page Not Found: Css/third_party
ERROR - 2018-01-20 17:42:23 --> 404 Page Not Found: Css/third_party
ERROR - 2018-01-20 17:42:32 --> 404 Page Not Found: Css/third_party
ERROR - 2018-01-20 17:42:32 --> 404 Page Not Found: Css/third_party
ERROR - 2018-01-20 17:42:38 --> 404 Page Not Found: Js/project
ERROR - 2018-01-20 17:42:38 --> 404 Page Not Found: Js/project
ERROR - 2018-01-20 17:42:39 --> 404 Page Not Found: Css/third_party
ERROR - 2018-01-20 17:42:39 --> 404 Page Not Found: Css/third_party
ERROR - 2018-01-20 17:42:48 --> 404 Page Not Found: Js/project
ERROR - 2018-01-20 17:42:48 --> 404 Page Not Found: Js/project
ERROR - 2018-01-20 17:42:54 --> 404 Page Not Found: Css/third_party
ERROR - 2018-01-20 17:42:54 --> 404 Page Not Found: Css/third_party
ERROR - 2018-01-20 17:44:17 --> 404 Page Not Found: Css/third_party
ERROR - 2018-01-20 17:44:17 --> 404 Page Not Found: Css/third_party
ERROR - 2018-01-20 17:44:24 --> 404 Page Not Found: Js/project
ERROR - 2018-01-20 17:44:24 --> 404 Page Not Found: Js/project
ERROR - 2018-01-20 17:44:25 --> 404 Page Not Found: Css/third_party
ERROR - 2018-01-20 17:44:25 --> 404 Page Not Found: Css/third_party
ERROR - 2018-01-20 17:44:29 --> 404 Page Not Found: Js/project
ERROR - 2018-01-20 17:44:30 --> 404 Page Not Found: Js/project
ERROR - 2018-01-20 17:46:56 --> 404 Page Not Found: Js/project
ERROR - 2018-01-20 17:46:56 --> 404 Page Not Found: Js/project
ERROR - 2018-01-20 17:46:58 --> 404 Page Not Found: Js/project
ERROR - 2018-01-20 17:46:58 --> 404 Page Not Found: Js/project
ERROR - 2018-01-20 17:47:19 --> 404 Page Not Found: Js/project
ERROR - 2018-01-20 17:47:19 --> 404 Page Not Found: Js/project
ERROR - 2018-01-20 17:47:20 --> 404 Page Not Found: Js/project
ERROR - 2018-01-20 17:47:20 --> 404 Page Not Found: Js/project
ERROR - 2018-01-20 17:48:14 --> 404 Page Not Found: Js/project
ERROR - 2018-01-20 17:48:15 --> 404 Page Not Found: Js/project
ERROR - 2018-01-20 17:48:16 --> 404 Page Not Found: Js/project
ERROR - 2018-01-20 17:48:16 --> 404 Page Not Found: Js/project
ERROR - 2018-01-20 17:48:17 --> 404 Page Not Found: Js/project
ERROR - 2018-01-20 17:48:20 --> 404 Page Not Found: Js/project
ERROR - 2018-01-20 17:48:44 --> 404 Page Not Found: Js/project
ERROR - 2018-01-20 17:48:45 --> 404 Page Not Found: Js/project
ERROR - 2018-01-20 17:49:40 --> 404 Page Not Found: Js/project
ERROR - 2018-01-20 17:49:40 --> 404 Page Not Found: Js/project
ERROR - 2018-01-20 17:51:12 --> 404 Page Not Found: Js/project
ERROR - 2018-01-20 17:51:13 --> 404 Page Not Found: Js/project
ERROR - 2018-01-20 17:55:46 --> 404 Page Not Found: Js/project
ERROR - 2018-01-20 17:55:47 --> 404 Page Not Found: Js/project
ERROR - 2018-01-20 17:59:32 --> 404 Page Not Found: Js/project
ERROR - 2018-01-20 17:59:33 --> 404 Page Not Found: Js/project
ERROR - 2018-01-20 17:59:40 --> 404 Page Not Found: Js/project
ERROR - 2018-01-20 17:59:40 --> 404 Page Not Found: Js/project
ERROR - 2018-01-20 17:59:55 --> Severity: Warning --> array_push() expects parameter 1 to be array, integer given /var/www/flow/application/helpers/project_client_link_helper.php 17
ERROR - 2018-01-20 17:59:55 --> Severity: Warning --> Invalid argument supplied for foreach() /var/www/flow/application/views/project/index.php 81
ERROR - 2018-01-20 17:59:55 --> 404 Page Not Found: Js/project
ERROR - 2018-01-20 17:59:56 --> 404 Page Not Found: Js/project
ERROR - 2018-01-20 17:59:56 --> 404 Page Not Found: Css/third_party
ERROR - 2018-01-20 17:59:56 --> 404 Page Not Found: Css/third_party
ERROR - 2018-01-20 18:01:08 --> Severity: Warning --> array_push() expects parameter 1 to be array, integer given /var/www/flow/application/helpers/project_client_link_helper.php 17
ERROR - 2018-01-20 18:01:08 --> Severity: Warning --> Invalid argument supplied for foreach() /var/www/flow/application/views/project/index.php 81
ERROR - 2018-01-20 18:01:08 --> 404 Page Not Found: Js/project
ERROR - 2018-01-20 18:01:09 --> 404 Page Not Found: Js/project
ERROR - 2018-01-20 18:01:10 --> 404 Page Not Found: Css/third_party
ERROR - 2018-01-20 18:01:10 --> 404 Page Not Found: Css/third_party
ERROR - 2018-01-20 18:02:02 --> Severity: Warning --> array_push() expects parameter 1 to be array, integer given /var/www/flow/application/helpers/project_client_link_helper.php 17
ERROR - 2018-01-20 18:02:02 --> Severity: Warning --> Invalid argument supplied for foreach() /var/www/flow/application/views/project/index.php 83
ERROR - 2018-01-20 18:02:02 --> 404 Page Not Found: Js/project
ERROR - 2018-01-20 18:02:02 --> 404 Page Not Found: Js/project
ERROR - 2018-01-20 18:02:03 --> 404 Page Not Found: Css/third_party
ERROR - 2018-01-20 18:02:03 --> 404 Page Not Found: Css/third_party
ERROR - 2018-01-20 18:02:44 --> Severity: Warning --> array_push() expects parameter 1 to be array, string given /var/www/flow/application/helpers/project_client_link_helper.php 29
ERROR - 2018-01-20 18:02:44 --> Severity: Warning --> array_push() expects parameter 1 to be array, integer given /var/www/flow/application/helpers/project_client_link_helper.php 17
ERROR - 2018-01-20 18:02:44 --> 404 Page Not Found: Js/project
ERROR - 2018-01-20 18:02:45 --> 404 Page Not Found: Js/project
ERROR - 2018-01-20 18:02:45 --> 404 Page Not Found: Css/third_party
ERROR - 2018-01-20 18:02:45 --> 404 Page Not Found: Css/third_party
ERROR - 2018-01-20 18:02:57 --> Severity: Warning --> array_push() expects parameter 1 to be array, integer given /var/www/flow/application/helpers/project_client_link_helper.php 17
ERROR - 2018-01-20 18:02:57 --> Severity: Warning --> Invalid argument supplied for foreach() /var/www/flow/application/views/project/index.php 81
ERROR - 2018-01-20 18:02:57 --> 404 Page Not Found: Js/project
ERROR - 2018-01-20 18:02:57 --> 404 Page Not Found: Js/project
ERROR - 2018-01-20 18:02:58 --> 404 Page Not Found: Css/third_party
ERROR - 2018-01-20 18:02:58 --> 404 Page Not Found: Css/third_party
ERROR - 2018-01-20 18:03:37 --> Severity: error --> Exception: Cannot use object of type stdClass as array /var/www/flow/application/helpers/project_client_link_helper.php 17
ERROR - 2018-01-20 18:04:10 --> Severity: Warning --> array_push() expects parameter 1 to be array, integer given /var/www/flow/application/helpers/project_client_link_helper.php 17
ERROR - 2018-01-20 18:04:10 --> Severity: Warning --> Invalid argument supplied for foreach() /var/www/flow/application/views/project/index.php 81
ERROR - 2018-01-20 18:04:10 --> 404 Page Not Found: Js/project
ERROR - 2018-01-20 18:04:11 --> 404 Page Not Found: Js/project
ERROR - 2018-01-20 18:04:11 --> 404 Page Not Found: Css/third_party
ERROR - 2018-01-20 18:04:11 --> 404 Page Not Found: Css/third_party
ERROR - 2018-01-20 18:04:27 --> Severity: Warning --> array_push() expects parameter 1 to be array, integer given /var/www/flow/application/helpers/project_client_link_helper.php 17
ERROR - 2018-01-20 18:04:27 --> Severity: Warning --> Invalid argument supplied for foreach() /var/www/flow/application/views/project/index.php 81
ERROR - 2018-01-20 18:04:27 --> 404 Page Not Found: Js/project
ERROR - 2018-01-20 18:04:27 --> 404 Page Not Found: Js/project
ERROR - 2018-01-20 18:04:28 --> 404 Page Not Found: Css/third_party
ERROR - 2018-01-20 18:04:28 --> 404 Page Not Found: Css/third_party
ERROR - 2018-01-20 18:05:47 --> Severity: Warning --> array_push() expects parameter 1 to be array, integer given /var/www/flow/application/helpers/project_client_link_helper.php 18
ERROR - 2018-01-20 18:05:47 --> Severity: Warning --> Invalid argument supplied for foreach() /var/www/flow/application/views/project/index.php 81
ERROR - 2018-01-20 18:05:47 --> 404 Page Not Found: Js/project
ERROR - 2018-01-20 18:05:47 --> 404 Page Not Found: Js/project
ERROR - 2018-01-20 18:05:48 --> 404 Page Not Found: Css/third_party
ERROR - 2018-01-20 18:05:48 --> 404 Page Not Found: Css/third_party
ERROR - 2018-01-20 18:06:13 --> Severity: Warning --> array_push() expects parameter 1 to be array, integer given /var/www/flow/application/helpers/project_client_link_helper.php 18
ERROR - 2018-01-20 18:06:13 --> Severity: Warning --> Invalid argument supplied for foreach() /var/www/flow/application/views/project/index.php 81
ERROR - 2018-01-20 18:06:13 --> 404 Page Not Found: Js/project
ERROR - 2018-01-20 18:06:13 --> 404 Page Not Found: Js/project
ERROR - 2018-01-20 18:06:14 --> 404 Page Not Found: Css/third_party
ERROR - 2018-01-20 18:06:14 --> 404 Page Not Found: Css/third_party
ERROR - 2018-01-20 18:06:54 --> Severity: Warning --> array_push() expects parameter 1 to be array, integer given /var/www/flow/application/helpers/project_client_link_helper.php 17
ERROR - 2018-01-20 18:06:54 --> Severity: Warning --> Invalid argument supplied for foreach() /var/www/flow/application/views/project/index.php 81
ERROR - 2018-01-20 18:06:54 --> 404 Page Not Found: Js/project
ERROR - 2018-01-20 18:06:54 --> 404 Page Not Found: Js/project
ERROR - 2018-01-20 18:06:55 --> 404 Page Not Found: Css/third_party
ERROR - 2018-01-20 18:06:55 --> 404 Page Not Found: Css/third_party
ERROR - 2018-01-20 18:07:57 --> Severity: Warning --> Invalid argument supplied for foreach() /var/www/flow/application/views/project/index.php 81
ERROR - 2018-01-20 18:07:57 --> 404 Page Not Found: Js/project
ERROR - 2018-01-20 18:07:58 --> 404 Page Not Found: Js/project
ERROR - 2018-01-20 18:07:58 --> 404 Page Not Found: Css/third_party
ERROR - 2018-01-20 18:07:58 --> 404 Page Not Found: Css/third_party
ERROR - 2018-01-20 18:08:30 --> Severity: Warning --> Invalid argument supplied for foreach() /var/www/flow/application/views/project/index.php 81
ERROR - 2018-01-20 18:08:30 --> 404 Page Not Found: Js/project
ERROR - 2018-01-20 18:08:30 --> 404 Page Not Found: Js/project
ERROR - 2018-01-20 18:08:31 --> 404 Page Not Found: Css/third_party
ERROR - 2018-01-20 18:08:31 --> 404 Page Not Found: Css/third_party
ERROR - 2018-01-20 18:08:53 --> Severity: Warning --> Invalid argument supplied for foreach() /var/www/flow/application/views/project/index.php 81
ERROR - 2018-01-20 18:08:53 --> 404 Page Not Found: Js/project
ERROR - 2018-01-20 18:08:54 --> 404 Page Not Found: Js/project
ERROR - 2018-01-20 18:08:54 --> 404 Page Not Found: Css/third_party
ERROR - 2018-01-20 18:08:54 --> 404 Page Not Found: Css/third_party
ERROR - 2018-01-20 18:09:22 --> Severity: Warning --> Invalid argument supplied for foreach() /var/www/flow/application/views/project/index.php 81
ERROR - 2018-01-20 18:09:22 --> 404 Page Not Found: Js/project
ERROR - 2018-01-20 18:09:23 --> 404 Page Not Found: Js/project
ERROR - 2018-01-20 18:09:24 --> 404 Page Not Found: Css/third_party
ERROR - 2018-01-20 18:09:24 --> 404 Page Not Found: Css/third_party
ERROR - 2018-01-20 18:09:34 --> Severity: Warning --> Invalid argument supplied for foreach() /var/www/flow/application/views/project/index.php 81
ERROR - 2018-01-20 18:09:34 --> 404 Page Not Found: Js/project
ERROR - 2018-01-20 18:09:35 --> 404 Page Not Found: Js/project
ERROR - 2018-01-20 18:09:35 --> 404 Page Not Found: Css/third_party
ERROR - 2018-01-20 18:09:35 --> 404 Page Not Found: Css/third_party
ERROR - 2018-01-20 18:11:12 --> Severity: Warning --> Invalid argument supplied for foreach() /var/www/flow/application/views/project/index.php 81
ERROR - 2018-01-20 18:11:12 --> 404 Page Not Found: Js/project
ERROR - 2018-01-20 18:11:12 --> 404 Page Not Found: Js/project
ERROR - 2018-01-20 18:11:13 --> 404 Page Not Found: Css/third_party
ERROR - 2018-01-20 18:11:13 --> 404 Page Not Found: Css/third_party
ERROR - 2018-01-20 18:11:38 --> Severity: Warning --> Invalid argument supplied for foreach() /var/www/flow/application/views/project/index.php 81
ERROR - 2018-01-20 18:11:38 --> 404 Page Not Found: Js/project
ERROR - 2018-01-20 18:11:39 --> 404 Page Not Found: Js/project
ERROR - 2018-01-20 18:11:39 --> 404 Page Not Found: Css/third_party
ERROR - 2018-01-20 18:11:39 --> 404 Page Not Found: Css/third_party
ERROR - 2018-01-20 18:12:11 --> Severity: Warning --> Invalid argument supplied for foreach() /var/www/flow/application/views/project/index.php 81
ERROR - 2018-01-20 18:12:11 --> 404 Page Not Found: Js/project
ERROR - 2018-01-20 18:12:11 --> 404 Page Not Found: Js/project
ERROR - 2018-01-20 18:12:12 --> 404 Page Not Found: Css/third_party
ERROR - 2018-01-20 18:12:12 --> 404 Page Not Found: Css/third_party
ERROR - 2018-01-20 18:12:40 --> Severity: Warning --> Invalid argument supplied for foreach() /var/www/flow/application/views/project/index.php 83
ERROR - 2018-01-20 18:12:40 --> 404 Page Not Found: Js/project
ERROR - 2018-01-20 18:12:40 --> 404 Page Not Found: Js/project
ERROR - 2018-01-20 18:12:41 --> 404 Page Not Found: Css/third_party
ERROR - 2018-01-20 18:12:41 --> 404 Page Not Found: Css/third_party
ERROR - 2018-01-20 18:13:33 --> Severity: Notice --> Undefined index:  /var/www/flow/application/views/project/index.php 85
ERROR - 2018-01-20 18:13:33 --> 404 Page Not Found: Js/project
ERROR - 2018-01-20 18:13:34 --> 404 Page Not Found: Js/project
ERROR - 2018-01-20 18:13:34 --> 404 Page Not Found: Css/third_party
ERROR - 2018-01-20 18:13:34 --> 404 Page Not Found: Css/third_party
ERROR - 2018-01-20 18:13:48 --> Severity: Notice --> Undefined index:  /var/www/flow/application/views/project/index.php 84
ERROR - 2018-01-20 18:13:49 --> 404 Page Not Found: Js/project
ERROR - 2018-01-20 18:13:49 --> 404 Page Not Found: Js/project
ERROR - 2018-01-20 18:13:50 --> 404 Page Not Found: Css/third_party
ERROR - 2018-01-20 18:13:50 --> 404 Page Not Found: Css/third_party
ERROR - 2018-01-20 18:14:54 --> Severity: Warning --> Invalid argument supplied for foreach() /var/www/flow/application/views/project/index.php 85
ERROR - 2018-01-20 18:14:54 --> 404 Page Not Found: Js/project
ERROR - 2018-01-20 18:14:55 --> 404 Page Not Found: Js/project
ERROR - 2018-01-20 18:14:55 --> 404 Page Not Found: Css/third_party
ERROR - 2018-01-20 18:14:55 --> 404 Page Not Found: Css/third_party
ERROR - 2018-01-20 18:16:53 --> Severity: Warning --> Invalid argument supplied for foreach() /var/www/flow/application/views/project/index.php 85
ERROR - 2018-01-20 18:16:53 --> 404 Page Not Found: Js/project
ERROR - 2018-01-20 18:16:54 --> 404 Page Not Found: Js/project
ERROR - 2018-01-20 18:16:54 --> 404 Page Not Found: Css/third_party
ERROR - 2018-01-20 18:16:54 --> 404 Page Not Found: Css/third_party
ERROR - 2018-01-20 18:17:12 --> Severity: Warning --> Invalid argument supplied for foreach() /var/www/flow/application/views/project/index.php 85
ERROR - 2018-01-20 18:17:13 --> 404 Page Not Found: Js/project
ERROR - 2018-01-20 18:17:13 --> 404 Page Not Found: Js/project
ERROR - 2018-01-20 18:17:14 --> 404 Page Not Found: Css/third_party
ERROR - 2018-01-20 18:17:14 --> 404 Page Not Found: Css/third_party
ERROR - 2018-01-20 18:17:46 --> Severity: Warning --> Invalid argument supplied for foreach() /var/www/flow/application/views/project/index.php 85
ERROR - 2018-01-20 18:17:46 --> 404 Page Not Found: Js/project
ERROR - 2018-01-20 18:17:46 --> 404 Page Not Found: Js/project
ERROR - 2018-01-20 18:17:47 --> 404 Page Not Found: Css/third_party
ERROR - 2018-01-20 18:17:47 --> 404 Page Not Found: Css/third_party
ERROR - 2018-01-20 18:18:10 --> Severity: Warning --> Invalid argument supplied for foreach() /var/www/flow/application/views/project/index.php 85
ERROR - 2018-01-20 18:18:10 --> 404 Page Not Found: Js/project
ERROR - 2018-01-20 18:18:11 --> 404 Page Not Found: Js/project
ERROR - 2018-01-20 18:18:12 --> 404 Page Not Found: Css/third_party
ERROR - 2018-01-20 18:18:12 --> 404 Page Not Found: Css/third_party
ERROR - 2018-01-20 18:18:27 --> Severity: Warning --> Invalid argument supplied for foreach() /var/www/flow/application/views/project/index.php 85
ERROR - 2018-01-20 18:18:27 --> 404 Page Not Found: Js/project
ERROR - 2018-01-20 18:18:27 --> 404 Page Not Found: Js/project
ERROR - 2018-01-20 18:18:28 --> 404 Page Not Found: Css/third_party
ERROR - 2018-01-20 18:18:28 --> 404 Page Not Found: Css/third_party
ERROR - 2018-01-20 18:18:50 --> Severity: Warning --> Illegal string offset 'client_id' /var/www/flow/application/views/project/index.php 87
ERROR - 2018-01-20 18:18:50 --> Severity: Warning --> Illegal string offset 'client_id' /var/www/flow/application/views/project/index.php 87
ERROR - 2018-01-20 18:18:50 --> Severity: Warning --> Illegal string offset 'client_id' /var/www/flow/application/views/project/index.php 87
ERROR - 2018-01-20 18:18:50 --> Severity: Warning --> Illegal string offset 'client_id' /var/www/flow/application/views/project/index.php 87
ERROR - 2018-01-20 18:18:50 --> Severity: Warning --> Illegal string offset 'client_id' /var/www/flow/application/views/project/index.php 87
ERROR - 2018-01-20 18:18:50 --> Severity: Warning --> Illegal string offset 'client_id' /var/www/flow/application/views/project/index.php 87
ERROR - 2018-01-20 18:18:50 --> 404 Page Not Found: Js/project
ERROR - 2018-01-20 18:18:50 --> 404 Page Not Found: Js/project
ERROR - 2018-01-20 18:18:51 --> 404 Page Not Found: Css/third_party
ERROR - 2018-01-20 18:18:51 --> 404 Page Not Found: Css/third_party
ERROR - 2018-01-20 18:19:25 --> Severity: Warning --> Invalid argument supplied for foreach() /var/www/flow/application/views/project/index.php 85
ERROR - 2018-01-20 18:19:25 --> 404 Page Not Found: Js/project
ERROR - 2018-01-20 18:19:26 --> 404 Page Not Found: Js/project
ERROR - 2018-01-20 18:19:26 --> 404 Page Not Found: Css/third_party
ERROR - 2018-01-20 18:19:26 --> 404 Page Not Found: Css/third_party
ERROR - 2018-01-20 18:19:38 --> Severity: Warning --> Invalid argument supplied for foreach() /var/www/flow/application/views/project/index.php 85
ERROR - 2018-01-20 18:19:39 --> 404 Page Not Found: Js/project
ERROR - 2018-01-20 18:19:39 --> 404 Page Not Found: Js/project
ERROR - 2018-01-20 18:19:40 --> 404 Page Not Found: Css/third_party
ERROR - 2018-01-20 18:19:40 --> 404 Page Not Found: Css/third_party
ERROR - 2018-01-20 18:20:03 --> Severity: Warning --> Invalid argument supplied for foreach() /var/www/flow/application/views/project/index.php 85
ERROR - 2018-01-20 18:20:03 --> 404 Page Not Found: Js/project
ERROR - 2018-01-20 18:20:04 --> 404 Page Not Found: Js/project
ERROR - 2018-01-20 18:20:04 --> 404 Page Not Found: Css/third_party
ERROR - 2018-01-20 18:20:04 --> 404 Page Not Found: Css/third_party
ERROR - 2018-01-20 18:20:24 --> Severity: Warning --> Illegal string offset 'client_id' /var/www/flow/application/views/project/index.php 87
ERROR - 2018-01-20 18:20:24 --> Severity: Warning --> Illegal string offset 'client_id' /var/www/flow/application/views/project/index.php 87
ERROR - 2018-01-20 18:20:24 --> 404 Page Not Found: Js/project
ERROR - 2018-01-20 18:20:25 --> 404 Page Not Found: Js/project
ERROR - 2018-01-20 18:20:26 --> 404 Page Not Found: Css/third_party
ERROR - 2018-01-20 18:20:26 --> 404 Page Not Found: Css/third_party
ERROR - 2018-01-20 18:20:57 --> Severity: Warning --> Illegal string offset 'client_id' /var/www/flow/application/views/project/index.php 87
ERROR - 2018-01-20 18:20:57 --> Severity: Warning --> Illegal string offset 'client_id' /var/www/flow/application/views/project/index.php 87
ERROR - 2018-01-20 18:20:57 --> 404 Page Not Found: Js/project
ERROR - 2018-01-20 18:20:58 --> 404 Page Not Found: Js/project
ERROR - 2018-01-20 18:20:58 --> 404 Page Not Found: Css/third_party
ERROR - 2018-01-20 18:20:58 --> 404 Page Not Found: Css/third_party
ERROR - 2018-01-20 18:21:09 --> Severity: Warning --> Illegal string offset 'client_id' /var/www/flow/application/views/project/index.php 87
ERROR - 2018-01-20 18:21:09 --> Severity: Warning --> Illegal string offset 'client_id' /var/www/flow/application/views/project/index.php 87
ERROR - 2018-01-20 18:21:10 --> 404 Page Not Found: Js/project
ERROR - 2018-01-20 18:21:10 --> 404 Page Not Found: Js/project
ERROR - 2018-01-20 18:21:11 --> 404 Page Not Found: Css/third_party
ERROR - 2018-01-20 18:21:11 --> 404 Page Not Found: Css/third_party
ERROR - 2018-01-20 18:21:18 --> Severity: Warning --> Illegal string offset 'client_id' /var/www/flow/application/views/project/index.php 87
ERROR - 2018-01-20 18:21:18 --> Severity: Warning --> Illegal string offset 'client_id' /var/www/flow/application/views/project/index.php 87
ERROR - 2018-01-20 18:21:18 --> 404 Page Not Found: Js/project
ERROR - 2018-01-20 18:21:18 --> 404 Page Not Found: Js/project
ERROR - 2018-01-20 18:21:19 --> 404 Page Not Found: Css/third_party
ERROR - 2018-01-20 18:21:19 --> 404 Page Not Found: Css/third_party
ERROR - 2018-01-20 18:22:13 --> Severity: Warning --> Illegal string offset 'client_id' /var/www/flow/application/views/project/index.php 84
ERROR - 2018-01-20 18:22:13 --> Severity: Warning --> Illegal string offset 'client_id' /var/www/flow/application/views/project/index.php 84
ERROR - 2018-01-20 18:22:13 --> 404 Page Not Found: Js/project
ERROR - 2018-01-20 18:22:14 --> 404 Page Not Found: Js/project
ERROR - 2018-01-20 18:22:15 --> 404 Page Not Found: Css/third_party
ERROR - 2018-01-20 18:22:15 --> 404 Page Not Found: Css/third_party
ERROR - 2018-01-20 18:22:41 --> Severity: error --> Exception: Call to undefined function prnt_r() /var/www/flow/application/views/project/index.php 83
ERROR - 2018-01-20 18:22:46 --> Severity: error --> Exception: Call to undefined function prnt_r() /var/www/flow/application/views/project/index.php 83
ERROR - 2018-01-20 18:22:53 --> Severity: Warning --> Illegal string offset 'client_id' /var/www/flow/application/views/project/index.php 86
ERROR - 2018-01-20 18:22:53 --> Severity: Warning --> Illegal string offset 'client_id' /var/www/flow/application/views/project/index.php 86
ERROR - 2018-01-20 18:22:53 --> 404 Page Not Found: Js/project
ERROR - 2018-01-20 18:22:53 --> 404 Page Not Found: Js/project
ERROR - 2018-01-20 18:22:54 --> Severity: Warning --> Illegal string offset 'client_id' /var/www/flow/application/views/project/index.php 86
ERROR - 2018-01-20 18:22:54 --> Severity: Warning --> Illegal string offset 'client_id' /var/www/flow/application/views/project/index.php 86
ERROR - 2018-01-20 18:22:54 --> 404 Page Not Found: Js/project
ERROR - 2018-01-20 18:22:55 --> 404 Page Not Found: Js/project
ERROR - 2018-01-20 18:22:56 --> 404 Page Not Found: Css/third_party
ERROR - 2018-01-20 18:22:56 --> 404 Page Not Found: Css/third_party
ERROR - 2018-01-20 18:23:16 --> 404 Page Not Found: Js/project
ERROR - 2018-01-20 18:23:17 --> 404 Page Not Found: Js/project
ERROR - 2018-01-20 18:23:17 --> 404 Page Not Found: Css/third_party
ERROR - 2018-01-20 18:23:17 --> 404 Page Not Found: Css/third_party
ERROR - 2018-01-20 18:23:26 --> 404 Page Not Found: Js/project
ERROR - 2018-01-20 18:23:27 --> 404 Page Not Found: Js/project
ERROR - 2018-01-20 18:23:27 --> 404 Page Not Found: Css/third_party
ERROR - 2018-01-20 18:23:27 --> 404 Page Not Found: Css/third_party
ERROR - 2018-01-20 18:23:35 --> 404 Page Not Found: Js/project
ERROR - 2018-01-20 18:23:36 --> 404 Page Not Found: Js/project
ERROR - 2018-01-20 18:25:11 --> Severity: error --> Exception: syntax error, unexpected end of file /var/www/flow/application/views/project/link_to_client.php 84
ERROR - 2018-01-20 18:25:41 --> 404 Page Not Found: Js/project
ERROR - 2018-01-20 18:25:42 --> 404 Page Not Found: Js/project
ERROR - 2018-01-20 18:26:05 --> 404 Page Not Found: Js/project
ERROR - 2018-01-20 18:26:06 --> 404 Page Not Found: Js/project
ERROR - 2018-01-20 18:26:07 --> 404 Page Not Found: Css/third_party
ERROR - 2018-01-20 18:26:07 --> 404 Page Not Found: Css/third_party
ERROR - 2018-01-20 19:33:33 --> 404 Page Not Found: Teams/index
ERROR - 2018-01-20 20:30:39 --> 404 Page Not Found: Teams/index
ERROR - 2018-01-20 20:33:20 --> 404 Page Not Found: Css/third_party
ERROR - 2018-01-20 20:33:20 --> 404 Page Not Found: Css/third_party
ERROR - 2018-01-20 20:35:57 --> 404 Page Not Found: Css/third_party
ERROR - 2018-01-20 20:35:57 --> 404 Page Not Found: Css/third_party
ERROR - 2018-01-20 20:36:06 --> 404 Page Not Found: Project/2
ERROR - 2018-01-20 20:36:14 --> 404 Page Not Found: Css/third_party
ERROR - 2018-01-20 20:36:14 --> 404 Page Not Found: Css/third_party
ERROR - 2018-01-20 20:38:19 --> 404 Page Not Found: Css/third_party
ERROR - 2018-01-20 20:38:19 --> 404 Page Not Found: Css/third_party
ERROR - 2018-01-20 20:38:57 --> 404 Page Not Found: Css/third_party
ERROR - 2018-01-20 20:38:57 --> 404 Page Not Found: Css/third_party
ERROR - 2018-01-20 21:05:16 --> 404 Page Not Found: Teams/index
ERROR - 2018-01-20 21:07:49 --> Severity: error --> Exception: Unable to locate the model you have specified: Team_project_model /var/www/flow/system/core/Loader.php 344
ERROR - 2018-01-20 21:08:45 --> Severity: error --> Exception: /var/www/flow/application/models/Team_project_model.php exists, but doesn't declare class Team_project_model /var/www/flow/system/core/Loader.php 336
ERROR - 2018-01-20 21:09:59 --> Severity: error --> Exception: /var/www/flow/application/models/Team_project_model.php exists, but doesn't declare class Team_project_model /var/www/flow/system/core/Loader.php 336
ERROR - 2018-01-20 21:10:20 --> Severity: error --> Exception: /var/www/flow/application/models/Team_project_model.php exists, but doesn't declare class Team_project_model /var/www/flow/system/core/Loader.php 336
ERROR - 2018-01-20 21:11:35 --> Severity: error --> Exception: Call to undefined function mapTeamIdToProject() /var/www/flow/application/controllers/Team.php 44
ERROR - 2018-01-20 21:12:16 --> Severity: error --> Exception: Too few arguments to function Project_model::getProjectsByIds(), 1 passed in /var/www/flow/application/controllers/Team.php on line 46 and exactly 2 expected /var/www/flow/application/models/Project_model.php 98
ERROR - 2018-01-20 21:13:18 --> Severity: Notice --> Undefined variable: userId /var/www/flow/application/models/Project_model.php 99
ERROR - 2018-01-20 21:13:18 --> Severity: Warning --> Invalid argument supplied for foreach() /var/www/flow/application/helpers/array_helper.php 42
ERROR - 2018-01-20 21:13:19 --> 404 Page Not Found: Css/third_party
ERROR - 2018-01-20 21:13:19 --> 404 Page Not Found: Css/third_party
ERROR - 2018-01-20 21:15:24 --> Query error: You have an error in your SQL syntax; check the manual that corresponds to your MySQL server version for the right syntax to use near ')
ORDER BY `created_date` DESC' at line 3 - Invalid query: SELECT *
FROM `project`
WHERE `id` IN()
ORDER BY `created_date` DESC
ERROR - 2018-01-20 21:16:27 --> Severity: Warning --> Invalid argument supplied for foreach() /var/www/flow/application/helpers/array_helper.php 42
ERROR - 2018-01-20 21:16:29 --> 404 Page Not Found: Css/third_party
ERROR - 2018-01-20 21:16:29 --> 404 Page Not Found: Css/third_party
ERROR - 2018-01-20 21:16:41 --> 404 Page Not Found: Css/third_party
ERROR - 2018-01-20 21:16:41 --> 404 Page Not Found: Css/third_party
ERROR - 2018-01-20 21:17:16 --> 404 Page Not Found: Css/third_party
ERROR - 2018-01-20 21:17:16 --> 404 Page Not Found: Css/third_party
ERROR - 2018-01-20 21:17:30 --> 404 Page Not Found: Css/third_party
ERROR - 2018-01-20 21:17:30 --> 404 Page Not Found: Css/third_party
ERROR - 2018-01-20 21:30:28 --> 404 Page Not Found: Css/third_party
ERROR - 2018-01-20 21:30:28 --> 404 Page Not Found: Css/third_party
ERROR - 2018-01-20 21:30:35 --> Severity: Notice --> Undefined variable: projectId /var/www/flow/application/views/team/link_to_project.php 2
ERROR - 2018-01-20 21:30:35 --> Severity: Notice --> Undefined variable: project /var/www/flow/application/views/team/link_to_project.php 6
ERROR - 2018-01-20 21:30:35 --> Severity: Notice --> Trying to get property of non-object /var/www/flow/application/views/team/link_to_project.php 6
ERROR - 2018-01-20 21:30:35 --> Severity: Notice --> Undefined variable: project /var/www/flow/application/views/team/link_to_project.php 47
ERROR - 2018-01-20 21:30:35 --> Severity: Notice --> Trying to get property of non-object /var/www/flow/application/views/team/link_to_project.php 47
ERROR - 2018-01-20 21:31:26 --> Severity: Notice --> Undefined variable: projectId /var/www/flow/application/views/team/link_to_project.php 2
ERROR - 2018-01-20 21:31:26 --> Severity: Notice --> Undefined variable: project /var/www/flow/application/views/team/link_to_project.php 6
ERROR - 2018-01-20 21:31:26 --> Severity: Notice --> Trying to get property of non-object /var/www/flow/application/views/team/link_to_project.php 6
ERROR - 2018-01-20 21:31:26 --> Severity: Notice --> Undefined variable: project /var/www/flow/application/views/team/link_to_project.php 47
ERROR - 2018-01-20 21:31:26 --> Severity: Notice --> Trying to get property of non-object /var/www/flow/application/views/team/link_to_project.php 47
ERROR - 2018-01-20 21:31:40 --> 404 Page Not Found: Team/1
ERROR - 2018-01-20 21:32:09 --> Severity: Notice --> Undefined variable: projectId /var/www/flow/application/views/team/link_to_project.php 2
ERROR - 2018-01-20 21:32:09 --> Severity: Notice --> Undefined variable: project /var/www/flow/application/views/team/link_to_project.php 6
ERROR - 2018-01-20 21:32:09 --> Severity: Notice --> Trying to get property of non-object /var/www/flow/application/views/team/link_to_project.php 6
ERROR - 2018-01-20 21:32:09 --> Severity: Notice --> Undefined variable: project /var/www/flow/application/views/team/link_to_project.php 47
ERROR - 2018-01-20 21:32:09 --> Severity: Notice --> Trying to get property of non-object /var/www/flow/application/views/team/link_to_project.php 47
ERROR - 2018-01-20 21:33:17 --> 404 Page Not Found: Js/team
ERROR - 2018-01-20 21:33:18 --> 404 Page Not Found: Js/team
ERROR - 2018-01-20 21:39:44 --> 404 Page Not Found: ProjectTeamLink/link_team_to_project
ERROR - 2018-01-20 21:39:45 --> 404 Page Not Found: ProjectTeamLink/link_team_to_project
ERROR - 2018-01-20 21:39:45 --> 404 Page Not Found: ProjectTeamLink/link_team_to_project
ERROR - 2018-01-20 21:43:21 --> 404 Page Not Found: Css/third_party
ERROR - 2018-01-20 21:43:21 --> 404 Page Not Found: Css/third_party
ERROR - 2018-01-20 21:47:44 --> 404 Page Not Found: Css/third_party
ERROR - 2018-01-20 21:47:44 --> 404 Page Not Found: Css/third_party
ERROR - 2018-01-20 21:48:11 --> 404 Page Not Found: Css/third_party
ERROR - 2018-01-20 21:48:11 --> 404 Page Not Found: Css/third_party
ERROR - 2018-01-20 21:53:17 --> 404 Page Not Found: Css/third_party
ERROR - 2018-01-20 21:53:17 --> 404 Page Not Found: Css/third_party
ERROR - 2018-01-20 21:55:07 --> 404 Page Not Found: Css/third_party
ERROR - 2018-01-20 21:55:07 --> 404 Page Not Found: Css/third_party
ERROR - 2018-01-20 21:59:20 --> 404 Page Not Found: Css/third_party
ERROR - 2018-01-20 21:59:20 --> 404 Page Not Found: Css/third_party
ERROR - 2018-01-20 22:03:43 --> 404 Page Not Found: Css/third_party
ERROR - 2018-01-20 22:03:43 --> 404 Page Not Found: Css/third_party
ERROR - 2018-01-20 22:08:10 --> 404 Page Not Found: Css/third_party
ERROR - 2018-01-20 22:08:10 --> 404 Page Not Found: Css/third_party
ERROR - 2018-01-20 22:12:54 --> 404 Page Not Found: Css/third_party
ERROR - 2018-01-20 22:12:54 --> 404 Page Not Found: Css/third_party
ERROR - 2018-01-20 22:17:39 --> 404 Page Not Found: Css/third_party
ERROR - 2018-01-20 22:17:39 --> 404 Page Not Found: Css/third_party
ERROR - 2018-01-20 22:22:35 --> 404 Page Not Found: Css/third_party
ERROR - 2018-01-20 22:22:35 --> 404 Page Not Found: Css/third_party
ERROR - 2018-01-20 22:26:50 --> 404 Page Not Found: Css/third_party
ERROR - 2018-01-20 22:26:50 --> 404 Page Not Found: Css/third_party
ERROR - 2018-01-20 22:33:44 --> 404 Page Not Found: Css/third_party
ERROR - 2018-01-20 22:33:44 --> 404 Page Not Found: Css/third_party
ERROR - 2018-01-20 22:37:46 --> 404 Page Not Found: Css/third_party
ERROR - 2018-01-20 22:37:46 --> 404 Page Not Found: Css/third_party
ERROR - 2018-01-20 22:41:23 --> 404 Page Not Found: Css/third_party
ERROR - 2018-01-20 22:41:23 --> 404 Page Not Found: Css/third_party
ERROR - 2018-01-20 22:47:19 --> 404 Page Not Found: Css/third_party
ERROR - 2018-01-20 22:47:19 --> 404 Page Not Found: Css/third_party
ERROR - 2018-01-20 22:56:23 --> 404 Page Not Found: Css/third_party
ERROR - 2018-01-20 22:56:23 --> 404 Page Not Found: Css/third_party
ERROR - 2018-01-20 23:21:59 --> 404 Page Not Found: Css/third_party
ERROR - 2018-01-20 23:21:59 --> 404 Page Not Found: Css/third_party
ERROR - 2018-01-20 23:24:11 --> 404 Page Not Found: Css/third_party
ERROR - 2018-01-20 23:24:11 --> 404 Page Not Found: Css/third_party
ERROR - 2018-01-20 23:25:56 --> 404 Page Not Found: Css/third_party
ERROR - 2018-01-20 23:25:56 --> 404 Page Not Found: Css/third_party
ERROR - 2018-01-20 23:26:50 --> 404 Page Not Found: Css/third_party
ERROR - 2018-01-20 23:26:50 --> 404 Page Not Found: Css/third_party
ERROR - 2018-01-20 23:28:20 --> 404 Page Not Found: Css/third_party
ERROR - 2018-01-20 23:28:20 --> 404 Page Not Found: Css/third_party
ERROR - 2018-01-20 23:30:32 --> 404 Page Not Found: Css/third_party
ERROR - 2018-01-20 23:30:32 --> 404 Page Not Found: Css/third_party
ERROR - 2018-01-20 23:32:59 --> 404 Page Not Found: Css/third_party
ERROR - 2018-01-20 23:32:59 --> 404 Page Not Found: Css/third_party
ERROR - 2018-01-20 23:33:25 --> 404 Page Not Found: Css/third_party
ERROR - 2018-01-20 23:33:25 --> 404 Page Not Found: Css/third_party
ERROR - 2018-01-20 23:33:55 --> 404 Page Not Found: Css/third_party
ERROR - 2018-01-20 23:33:55 --> 404 Page Not Found: Css/third_party
ERROR - 2018-01-20 23:34:37 --> 404 Page Not Found: Css/third_party
ERROR - 2018-01-20 23:34:37 --> 404 Page Not Found: Css/third_party
ERROR - 2018-01-20 23:35:55 --> 404 Page Not Found: Css/third_party
ERROR - 2018-01-20 23:35:55 --> 404 Page Not Found: Css/third_party
ERROR - 2018-01-20 23:36:07 --> 404 Page Not Found: Css/third_party
ERROR - 2018-01-20 23:36:07 --> 404 Page Not Found: Css/third_party
ERROR - 2018-01-20 23:36:19 --> 404 Page Not Found: Css/third_party
ERROR - 2018-01-20 23:36:19 --> 404 Page Not Found: Css/third_party
ERROR - 2018-01-20 23:37:32 --> 404 Page Not Found: Css/third_party
ERROR - 2018-01-20 23:37:32 --> 404 Page Not Found: Css/third_party
ERROR - 2018-01-20 23:40:55 --> 404 Page Not Found: Css/third_party
ERROR - 2018-01-20 23:40:55 --> 404 Page Not Found: Css/third_party
ERROR - 2018-01-20 23:44:17 --> 404 Page Not Found: Css/third_party
ERROR - 2018-01-20 23:44:17 --> 404 Page Not Found: Css/third_party
ERROR - 2018-01-20 23:47:01 --> 404 Page Not Found: Css/third_party
ERROR - 2018-01-20 23:47:01 --> 404 Page Not Found: Css/third_party
ERROR - 2018-01-20 23:47:14 --> 404 Page Not Found: ProjectTeamLink/link_team_to_project
ERROR - 2018-01-20 23:57:24 --> 404 Page Not Found: Css/third_party
ERROR - 2018-01-20 23:57:24 --> 404 Page Not Found: Css/third_party
